<?xml version="1.0" encoding="UTF-8"?>
<testng-results ignored="0" total="1" passed="1" failed="0" skipped="0">
  <reporter-output>
  </reporter-output>
  <suite started-at="2023-01-20T22:17:41 IST" name="Default suite" finished-at="2023-01-20T22:17:41 IST" duration-ms="38">
    <groups>
    </groups>
    <test started-at="2023-01-20T22:17:41 IST" name="Default test" finished-at="2023-01-20T22:17:41 IST" duration-ms="38">
      <class name="Sample.Anu">
        <test-method signature="m2()[pri:0, instance:Sample.Anu@2fd1433e]" started-at="2023-01-20T22:17:41 IST" name="m2" finished-at="2023-01-20T22:17:41 IST" duration-ms="5" status="PASS">
          <reporter-output>
          </reporter-output>
        </test-method> <!-- m2 -->
      </class> <!-- Sample.Anu -->
    </test> <!-- Default test -->
  </suite> <!-- Default suite -->
</testng-results>
